# JRE version: OpenJDK Runtime Environment Temurin-21.0.10+7 (21.0.10+7) (build 21.0.10+7-LTS)
# Java VM: OpenJDK 64-Bit Server VM Temurin-21.0.10+7 (21.0.10+7-LTS, mixed mode, sharing, tiered, compressed oops, compressed class ptrs, parallel gc, windows-amd64)
GC Precious Log:
 CardTable entry size: 512
 CPUs: 12 total, 12 available
 Memory: 15713M
 Large Page Support: Disabled
 NUMA Support: Disabled
 Compressed Oops: Enabled (32-bit)
 Alignments: Space 512K, Generation 512K, Heap 2M
 Heap Min Capacity: 100M
 Heap Initial Capacity: 100M
 Heap Max Capacity: 2G
 Pre-touch: Disabled
 Parallel Workers: 10
Heap:
 PSYoungGen      total 23552K, used 4714K [0x00000000d5580000, 0x00000000d7180000, 0x0000000100000000)
  eden space 22016K, 16% used [0x00000000d5580000,0x00000000d5918008,0x00000000d6b00000)
  from space 1536K, 67% used [0x00000000d7000000,0x00000000d7102b48,0x00000000d7180000)
  to   space 1536K, 0% used [0x00000000d6b00000,0x00000000d6b00000,0x00000000d6c80000)
 ParOldGen       total 68608K, used 19318K [0x0000000080000000, 0x0000000084300000, 0x00000000d5580000)
  object space 68608K, 28% used [0x0000000080000000,0x00000000812dda20,0x0000000084300000)
 Metaspace       used 38430K, committed 39424K, reserved 1114112K
  class space    used 4096K, committed 4544K, reserved 1048576K
GC Heap History (20 events):
Event: 4.603 GC heap before
{Heap before GC invocations=6 (full 0):
 PSYoungGen      total 29184K, used 29179K [0x00000000d5580000, 0x00000000d7900000, 0x0000000100000000)
  eden space 25088K, 100% used [0x00000000d5580000,0x00000000d6e00000,0x00000000d6e00000)
  from space 4096K, 99% used [0x00000000d6e80000,0x00000000d727ed08,0x00000000d7280000)
  to   space 5632K, 0% used [0x00000000d7380000,0x00000000d7380000,0x00000000d7900000)
 ParOldGen       total 68608K, used 7711K [0x0000000080000000, 0x0000000084300000, 0x00000000d5580000)
  object space 68608K, 11% used [0x0000000080000000,0x0000000080787e48,0x0000000084300000)
 Metaspace       used 17925K, committed 18688K, reserved 1114112K
  class space    used 1894K, committed 2176K, reserved 1048576K
}
Event: 4.606 GC heap after
{Heap after GC invocations=6 (full 0):
 PSYoungGen      total 29696K, used 4787K [0x00000000d5580000, 0x00000000d7880000, 0x0000000100000000)
  eden space 24576K, 0% used [0x00000000d5580000,0x00000000d5580000,0x00000000d6d80000)
  from space 5120K, 93% used [0x00000000d7380000,0x00000000d782cc10,0x00000000d7880000)
  to   space 5120K, 0% used [0x00000000d6e80000,0x00000000d6e80000,0x00000000d7380000)
 ParOldGen       total 68608K, used 7719K [0x0000000080000000, 0x0000000084300000, 0x00000000d5580000)
  object space 68608K, 11% used [0x0000000080000000,0x0000000080789e48,0x0000000084300000)
 Metaspace       used 17925K, committed 18688K, reserved 1114112K
  class space    used 1894K, committed 2176K, reserved 1048576K
}
Event: 4.816 GC heap before
{Heap before GC invocations=7 (full 0):
 PSYoungGen      total 29696K, used 29363K [0x00000000d5580000, 0x00000000d7880000, 0x0000000100000000)
  eden space 24576K, 100% used [0x00000000d5580000,0x00000000d6d80000,0x00000000d6d80000)
  from space 5120K, 93% used [0x00000000d7380000,0x00000000d782cc10,0x00000000d7880000)
  to   space 5120K, 0% used [0x00000000d6e80000,0x00000000d6e80000,0x00000000d7380000)
 ParOldGen       total 68608K, used 7719K [0x0000000080000000, 0x0000000084300000, 0x00000000d5580000)
  object space 68608K, 11% used [0x0000000080000000,0x0000000080789e48,0x0000000084300000)
 Metaspace       used 20362K, committed 21120K, reserved 1114112K
  class space    used 2127K, committed 2432K, reserved 1048576K
}
Event: 4.832 GC heap after
{Heap after GC invocations=7 (full 0):
 PSYoungGen      total 29184K, used 5111K [0x00000000d5580000, 0x00000000d7c00000, 0x0000000100000000)
  eden space 24064K, 0% used [0x00000000d5580000,0x00000000d5580000,0x00000000d6d00000)
  from space 5120K, 99% used [0x00000000d6e80000,0x00000000d737dc48,0x00000000d7380000)
  to   space 7680K, 0% used [0x00000000d7480000,0x00000000d7480000,0x00000000d7c00000)
 ParOldGen       total 68608K, used 9695K [0x0000000080000000, 0x0000000084300000, 0x00000000d5580000)
  object space 68608K, 14% used [0x0000000080000000,0x0000000080977e00,0x0000000084300000)
 Metaspace       used 20362K, committed 21120K, reserved 1114112K
  class space    used 2127K, committed 2432K, reserved 1048576K
}
Event: 4.864 GC heap before
{Heap before GC invocations=8 (full 0):
 PSYoungGen      total 29184K, used 11402K [0x00000000d5580000, 0x00000000d7c00000, 0x0000000100000000)
  eden space 24064K, 26% used [0x00000000d5580000,0x00000000d5ba4db8,0x00000000d6d00000)
  from space 5120K, 99% used [0x00000000d6e80000,0x00000000d737dc48,0x00000000d7380000)
  to   space 7680K, 0% used [0x00000000d7480000,0x00000000d7480000,0x00000000d7c00000)
 ParOldGen       total 68608K, used 9695K [0x0000000080000000, 0x0000000084300000, 0x00000000d5580000)
  object space 68608K, 14% used [0x0000000080000000,0x0000000080977e00,0x0000000084300000)
 Metaspace       used 20813K, committed 21504K, reserved 1114112K
  class space    used 2159K, committed 2432K, reserved 1048576K
}
Event: 4.866 GC heap after
{Heap after GC invocations=8 (full 0):
 PSYoungGen      total 28160K, used 3954K [0x00000000d5580000, 0x00000000d7880000, 0x0000000100000000)
  eden space 24064K, 0% used [0x00000000d5580000,0x00000000d5580000,0x00000000d6d00000)
  from space 4096K, 96% used [0x00000000d7480000,0x00000000d785ca48,0x00000000d7880000)
  to   space 5120K, 0% used [0x00000000d6e80000,0x00000000d6e80000,0x00000000d7380000)
 ParOldGen       total 68608K, used 10685K [0x0000000080000000, 0x0000000084300000, 0x00000000d5580000)
  object space 68608K, 15% used [0x0000000080000000,0x0000000080a6f428,0x0000000084300000)
 Metaspace       used 20813K, committed 21504K, reserved 1114112K
  class space    used 2159K, committed 2432K, reserved 1048576K
}
Event: 4.866 GC heap before
{Heap before GC invocations=9 (full 1):
 PSYoungGen      total 28160K, used 3954K [0x00000000d5580000, 0x00000000d7880000, 0x0000000100000000)
  eden space 24064K, 0% used [0x00000000d5580000,0x00000000d5580000,0x00000000d6d00000)
  from space 4096K, 96% used [0x00000000d7480000,0x00000000d785ca48,0x00000000d7880000)
  to   space 5120K, 0% used [0x00000000d6e80000,0x00000000d6e80000,0x00000000d7380000)
 ParOldGen       total 68608K, used 10685K [0x0000000080000000, 0x0000000084300000, 0x00000000d5580000)
  object space 68608K, 15% used [0x0000000080000000,0x0000000080a6f428,0x0000000084300000)
 Metaspace       used 20813K, committed 21504K, reserved 1114112K
  class space    used 2159K, committed 2432K, reserved 1048576K
}
Event: 4.886 GC heap after
{Heap after GC invocations=9 (full 1):
 PSYoungGen      total 28160K, used 0K [0x00000000d5580000, 0x00000000d7880000, 0x0000000100000000)
  eden space 24064K, 0% used [0x00000000d5580000,0x00000000d5580000,0x00000000d6d00000)
  from space 4096K, 0% used [0x00000000d7480000,0x00000000d7480000,0x00000000d7880000)
  to   space 5120K, 0% used [0x00000000d6e80000,0x00000000d6e80000,0x00000000d7380000)
 ParOldGen       total 68608K, used 13212K [0x0000000080000000, 0x0000000084300000, 0x00000000d5580000)
  object space 68608K, 19% used [0x0000000080000000,0x0000000080ce73b8,0x0000000084300000)
 Metaspace       used 20800K, committed 21504K, reserved 1114112K
  class space    used 2155K, committed 2432K, reserved 1048576K
}
Event: 5.019 GC heap before
{Heap before GC invocations=10 (full 1):
 PSYoungGen      total 28160K, used 24054K [0x00000000d5580000, 0x00000000d7880000, 0x0000000100000000)
  eden space 24064K, 99% used [0x00000000d5580000,0x00000000d6cfd970,0x00000000d6d00000)
  from space 4096K, 0% used [0x00000000d7480000,0x00000000d7480000,0x00000000d7880000)
  to   space 5120K, 0% used [0x00000000d6e80000,0x00000000d6e80000,0x00000000d7380000)
 ParOldGen       total 68608K, used 13212K [0x0000000080000000, 0x0000000084300000, 0x00000000d5580000)
  object space 68608K, 19% used [0x0000000080000000,0x0000000080ce73b8,0x0000000084300000)
 Metaspace       used 24448K, committed 25216K, reserved 1114112K
  class space    used 2426K, committed 2752K, reserved 1048576K
}
Event: 5.020 GC heap after
{Heap after GC invocations=10 (full 1):
 PSYoungGen      total 24064K, used 404K [0x00000000d5580000, 0x00000000d7500000, 0x0000000100000000)
  eden space 23552K, 0% used [0x00000000d5580000,0x00000000d5580000,0x00000000d6c80000)
  from space 512K, 78% used [0x00000000d6e80000,0x00000000d6ee5068,0x00000000d6f00000)
  to   space 2048K, 0% used [0x00000000d7300000,0x00000000d7300000,0x00000000d7500000)
 ParOldGen       total 68608K, used 13212K [0x0000000080000000, 0x0000000084300000, 0x00000000d5580000)
  object space 68608K, 19% used [0x0000000080000000,0x0000000080ce73b8,0x0000000084300000)
 Metaspace       used 24448K, committed 25216K, reserved 1114112K
  class space    used 2426K, committed 2752K, reserved 1048576K
}
Event: 5.199 GC heap before
{Heap before GC invocations=11 (full 1):
 PSYoungGen      total 24064K, used 23956K [0x00000000d5580000, 0x00000000d7500000, 0x0000000100000000)
  eden space 23552K, 100% used [0x00000000d5580000,0x00000000d6c80000,0x00000000d6c80000)
  from space 512K, 78% used [0x00000000d6e80000,0x00000000d6ee5068,0x00000000d6f00000)
  to   space 2048K, 0% used [0x00000000d7300000,0x00000000d7300000,0x00000000d7500000)
 ParOldGen       total 68608K, used 13212K [0x0000000080000000, 0x0000000084300000, 0x00000000d5580000)
  object space 68608K, 19% used [0x0000000080000000,0x0000000080ce73b8,0x0000000084300000)
 Metaspace       used 25749K, committed 26624K, reserved 1114112K
  class space    used 2522K, committed 2880K, reserved 1048576K
}
Event: 5.200 GC heap after
{Heap after GC invocations=11 (full 1):
 PSYoungGen      total 25088K, used 1981K [0x00000000d5580000, 0x00000000d7500000, 0x0000000100000000)
  eden space 23040K, 0% used [0x00000000d5580000,0x00000000d5580000,0x00000000d6c00000)
  from space 2048K, 96% used [0x00000000d7300000,0x00000000d74ef538,0x00000000d7500000)
  to   space 2560K, 0% used [0x00000000d7000000,0x00000000d7000000,0x00000000d7280000)
 ParOldGen       total 68608K, used 14002K [0x0000000080000000, 0x0000000084300000, 0x00000000d5580000)
  object space 68608K, 20% used [0x0000000080000000,0x0000000080dac8c8,0x0000000084300000)
 Metaspace       used 25749K, committed 26624K, reserved 1114112K
  class space    used 2522K, committed 2880K, reserved 1048576K
}
Event: 5.497 GC heap before
{Heap before GC invocations=12 (full 1):
 PSYoungGen      total 25088K, used 25021K [0x00000000d5580000, 0x00000000d7500000, 0x0000000100000000)
  eden space 23040K, 100% used [0x00000000d5580000,0x00000000d6c00000,0x00000000d6c00000)
  from space 2048K, 96% used [0x00000000d7300000,0x00000000d74ef538,0x00000000d7500000)
  to   space 2560K, 0% used [0x00000000d7000000,0x00000000d7000000,0x00000000d7280000)
 ParOldGen       total 68608K, used 14002K [0x0000000080000000, 0x0000000084300000, 0x00000000d5580000)
  object space 68608K, 20% used [0x0000000080000000,0x0000000080dac8c8,0x0000000084300000)
 Metaspace       used 29618K, committed 30464K, reserved 1114112K
  class space    used 2926K, committed 3264K, reserved 1048576K
}
Event: 5.499 GC heap after
{Heap after GC invocations=12 (full 1):
 PSYoungGen      total 25088K, used 2169K [0x00000000d5580000, 0x00000000d7380000, 0x0000000100000000)
  eden space 22528K, 0% used [0x00000000d5580000,0x00000000d5580000,0x00000000d6b80000)
  from space 2560K, 84% used [0x00000000d7000000,0x00000000d721e548,0x00000000d7280000)
  to   space 1024K, 0% used [0x00000000d7280000,0x00000000d7280000,0x00000000d7380000)
 ParOldGen       total 68608K, used 15787K [0x0000000080000000, 0x0000000084300000, 0x00000000d5580000)
  object space 68608K, 23% used [0x0000000080000000,0x0000000080f6ae78,0x0000000084300000)
 Metaspace       used 29618K, committed 30464K, reserved 1114112K
  class space    used 2926K, committed 3264K, reserved 1048576K
}
Event: 5.711 GC heap before
{Heap before GC invocations=13 (full 1):
 PSYoungGen      total 25088K, used 24697K [0x00000000d5580000, 0x00000000d7380000, 0x0000000100000000)
  eden space 22528K, 100% used [0x00000000d5580000,0x00000000d6b80000,0x00000000d6b80000)
  from space 2560K, 84% used [0x00000000d7000000,0x00000000d721e548,0x00000000d7280000)
  to   space 1024K, 0% used [0x00000000d7280000,0x00000000d7280000,0x00000000d7380000)
 ParOldGen       total 68608K, used 15787K [0x0000000080000000, 0x0000000084300000, 0x00000000d5580000)
  object space 68608K, 23% used [0x0000000080000000,0x0000000080f6ae78,0x0000000084300000)
 Metaspace       used 32699K, committed 33664K, reserved 1114112K
  class space    used 3308K, committed 3712K, reserved 1048576K
}
Event: 5.714 GC heap after
{Heap after GC invocations=13 (full 1):
 PSYoungGen      total 23040K, used 1024K [0x00000000d5580000, 0x00000000d7900000, 0x0000000100000000)
  eden space 22016K, 0% used [0x00000000d5580000,0x00000000d5580000,0x00000000d6b00000)
  from space 1024K, 100% used [0x00000000d7280000,0x00000000d7380000,0x00000000d7380000)
  to   space 7168K, 0% used [0x00000000d6b00000,0x00000000d6b00000,0x00000000d7200000)
 ParOldGen       total 68608K, used 20816K [0x0000000080000000, 0x0000000084300000, 0x00000000d5580000)
  object space 68608K, 30% used [0x0000000080000000,0x00000000814543f0,0x0000000084300000)
 Metaspace       used 32699K, committed 33664K, reserved 1114112K
  class space    used 3308K, committed 3712K, reserved 1048576K
}
Event: 5.852 GC heap before
{Heap before GC invocations=14 (full 1):
 PSYoungGen      total 23040K, used 17445K [0x00000000d5580000, 0x00000000d7900000, 0x0000000100000000)
  eden space 22016K, 74% used [0x00000000d5580000,0x00000000d6589548,0x00000000d6b00000)
  from space 1024K, 100% used [0x00000000d7280000,0x00000000d7380000,0x00000000d7380000)
  to   space 7168K, 0% used [0x00000000d6b00000,0x00000000d6b00000,0x00000000d7200000)
 ParOldGen       total 68608K, used 20816K [0x0000000080000000, 0x0000000084300000, 0x00000000d5580000)
  object space 68608K, 30% used [0x0000000080000000,0x00000000814543f0,0x0000000084300000)
 Metaspace       used 34897K, committed 35840K, reserved 1114112K
  class space    used 3591K, committed 4032K, reserved 1048576K
}
Event: 5.854 GC heap after
{Heap after GC invocations=14 (full 1):
 PSYoungGen      total 23552K, used 1344K [0x00000000d5580000, 0x00000000d7300000, 0x0000000100000000)
  eden space 22016K, 0% used [0x00000000d5580000,0x00000000d5580000,0x00000000d6b00000)
  from space 1536K, 87% used [0x00000000d6b00000,0x00000000d6c50000,0x00000000d6c80000)
  to   space 3072K, 0% used [0x00000000d7000000,0x00000000d7000000,0x00000000d7300000)
 ParOldGen       total 68608K, used 21783K [0x0000000080000000, 0x0000000084300000, 0x00000000d5580000)
  object space 68608K, 31% used [0x0000000080000000,0x0000000081545d10,0x0000000084300000)
 Metaspace       used 34897K, committed 35840K, reserved 1114112K
  class space    used 3591K, committed 4032K, reserved 1048576K
}
Event: 5.854 GC heap before
{Heap before GC invocations=15 (full 2):
 PSYoungGen      total 23552K, used 1344K [0x00000000d5580000, 0x00000000d7300000, 0x0000000100000000)
  eden space 22016K, 0% used [0x00000000d5580000,0x00000000d5580000,0x00000000d6b00000)
  from space 1536K, 87% used [0x00000000d6b00000,0x00000000d6c50000,0x00000000d6c80000)
  to   space 3072K, 0% used [0x00000000d7000000,0x00000000d7000000,0x00000000d7300000)
 ParOldGen       total 68608K, used 21783K [0x0000000080000000, 0x0000000084300000, 0x00000000d5580000)
  object space 68608K, 31% used [0x0000000080000000,0x0000000081545d10,0x0000000084300000)
 Metaspace       used 34897K, committed 35840K, reserved 1114112K
  class space    used 3591K, committed 4032K, reserved 1048576K
}
Event: 5.874 GC heap after
{Heap after GC invocations=15 (full 2):
 PSYoungGen      total 23552K, used 0K [0x00000000d5580000, 0x00000000d7300000, 0x0000000100000000)
  eden space 22016K, 0% used [0x00000000d5580000,0x00000000d5580000,0x00000000d6b00000)
  from space 1536K, 0% used [0x00000000d6b00000,0x00000000d6b00000,0x00000000d6c80000)
  to   space 3072K, 0% used [0x00000000d7000000,0x00000000d7000000,0x00000000d7300000)
 ParOldGen       total 68608K, used 19310K [0x0000000080000000, 0x0000000084300000, 0x00000000d5580000)
  object space 68608K, 28% used [0x0000000080000000,0x00000000812dba20,0x0000000084300000)
 Metaspace       used 34897K, committed 35840K, reserved 1114112K
  class space    used 3591K, committed 4032K, reserved 1048576K
}

